<?xml version="1.0" encoding="UTF-8"?>
<!-- Generated by org.testng.reporters.JUnitXMLReporter -->
<testsuite ignored="0" hostname="DESKTOP-T8VIPQV" failures="0" tests="2" name="Default test" time="28.771" errors="0" timestamp="2025-11-19T13:26:21 EST">
  <testcase classname="E_commerce.EcommerceAutomation.ProductPageTest" name="testProductPage" time="8.673"/>
  <testcase classname="E_commerce.EcommerceAutomation.ProductPageTest" name="testProductPage" time="5.686"/>
</testsuite> <!-- Default test -->
