<?xml version="1.0" encoding="UTF-8"?>
<!-- Generated by org.testng.reporters.JUnitXMLReporter -->
<testsuite ignored="0" hostname="DESKTOP-T8VIPQV" failures="0" tests="2" name="Default test" time="23.407" errors="0" timestamp="2025-12-25T14:24:12 EST">
  <testcase classname="E_commerce.EcommerceAutomation.ProductPageTest" name="testProductPage" time="4.797"/>
  <testcase classname="E_commerce.EcommerceAutomation.ProductPageTest" name="testProductPage" time="5.532"/>
</testsuite> <!-- Default test -->
