<?xml version="1.0" encoding="UTF-8"?>
<!-- Generated by org.testng.reporters.JUnitXMLReporter -->
<testsuite ignored="0" hostname="DESKTOP-T8VIPQV" failures="0" tests="6" name="Testchrome" time="86.6" errors="0" timestamp="2025-11-16T14:53:24 EST">
  <testcase classname="E_commerce.EcommerceAutomation.HomePageTest" name="testHomePage" time="2.352"/>
  <testcase classname="E_commerce.EcommerceAutomation.SignupTest" name="testSignup" time="13.448"/>
  <testcase classname="E_commerce.EcommerceAutomation.LoginWithRightcredentialTest" name="testLogin" time="9.266"/>
  <testcase classname="E_commerce.EcommerceAutomation.LoginWithWrongCredentialTest" name="testLoginWithWrongCredential" time="3.264"/>
  <testcase classname="E_commerce.EcommerceAutomation.LoginWithWrongCredentialTest" name="testLoginWithWrongCredential" time="3.655"/>
  <testcase classname="E_commerce.EcommerceAutomation.DeleteAccountTest" name="testDeleteAccount" time="10.332"/>
</testsuite> <!-- Testchrome -->
