<?xml version="1.0" encoding="UTF-8"?>
<!-- Generated by org.testng.reporters.JUnitXMLReporter -->
<testsuite ignored="0" hostname="DESKTOP-T8VIPQV" failures="0" tests="6" name="Testedge" time="12.242" errors="0" timestamp="2025-11-16T13:31:08 EST">
  <testcase classname="E_commerce.EcommerceAutomation.HomePageTest" name="testHomePage" time="0.0">
    <skipped/>
  </testcase> <!-- testHomePage -->
  <testcase classname="E_commerce.EcommerceAutomation.SignupTest" name="testSignup" time="0.001">
    <skipped/>
  </testcase> <!-- testSignup -->
  <testcase classname="E_commerce.EcommerceAutomation.LoginWithRightcredentialTest" name="testLogin" time="0.0">
    <skipped/>
  </testcase> <!-- testLogin -->
  <testcase classname="E_commerce.EcommerceAutomation.LoginWithWrongCredentialTest" name="testLoginWithWrongCredential" time="0.0">
    <skipped/>
  </testcase> <!-- testLoginWithWrongCredential -->
  <testcase classname="E_commerce.EcommerceAutomation.LoginWithWrongCredentialTest" name="testLoginWithWrongCredential" time="0.001">
    <skipped/>
  </testcase> <!-- testLoginWithWrongCredential -->
  <testcase classname="E_commerce.EcommerceAutomation.DeleteAccountTest" name="testDeleteAccount" time="0.0">
    <skipped/>
  </testcase> <!-- testDeleteAccount -->
</testsuite> <!-- Testedge -->
