<?xml version="1.0" encoding="UTF-8"?>
<!-- Generated by org.testng.reporters.JUnitXMLReporter -->
<testsuite ignored="0" hostname="DESKTOP-T8VIPQV" failures="0" tests="10" name="Test" time="135.347" errors="0" timestamp="2025-11-19T14:45:31 EST">
  <testcase classname="E_commerce.EcommerceAutomation.SignupTest" name="testSignup" time="19.355"/>
  <testcase classname="E_commerce.EcommerceAutomation.LoginWithRightcredentialTest" name="testLogin" time="7.463"/>
  <testcase classname="E_commerce.EcommerceAutomation.LoginWithRightcredentialTest" name="logoutTest" time="3.966"/>
  <testcase classname="E_commerce.EcommerceAutomation.LoginWithWrongCredentialTest" name="testLoginWithWrongCredential" time="3.447"/>
  <testcase classname="E_commerce.EcommerceAutomation.LoginWithWrongCredentialTest" name="testLoginWithWrongCredential" time="2.968"/>
  <testcase classname="E_commerce.EcommerceAutomation.DeleteAccountTest" name="testDeleteAccount" time="9.124"/>
  <testcase classname="E_commerce.EcommerceAutomation.ContactUsTest" name="testContactUs" time="9.764"/>
  <testcase classname="E_commerce.EcommerceAutomation.ProductPageTest" name="testProductPage" time="4.56"/>
  <testcase classname="E_commerce.EcommerceAutomation.ProductPageTest" name="testProductPage" time="4.948"/>
  <testcase classname="E_commerce.EcommerceAutomation.HomePageTest" name="testHomePage" time="4.087"/>
</testsuite> <!-- Test -->
