<?xml version="1.0" encoding="UTF-8"?>
<testng-results ignored="0" total="2" passed="2" failed="0" skipped="0">
  <reporter-output>
    <line>
      <![CDATA[The test is passed.]]>
    </line>
    <line>
      <![CDATA[The test is passed.]]>
    </line>
  </reporter-output>
  <suite started-at="2025-12-25T14:23:48 EST" name="Default suite" finished-at="2025-12-25T14:24:12 EST" duration-ms="23407">
    <groups>
    </groups>
    <test started-at="2025-12-25T14:23:48 EST" name="Default test" finished-at="2025-12-25T14:24:12 EST" duration-ms="23407">
      <class name="E_commerce.EcommerceAutomation.ProductPageTest">
        <test-method is-config="true" signature="launchTheBrowser(java.lang.String)[pri:0, instance:E_commerce.EcommerceAutomation.ProductPageTest@13b6aecc]" started-at="2025-12-25T14:23:48 EST" name="launchTheBrowser" finished-at="2025-12-25T14:23:55 EST" duration-ms="6787" status="PASS">
          <params>
            <param index="0">
              <value>
                <![CDATA[chrome]]>
              </value>
            </param>
          </params>
          <reporter-output>
          </reporter-output>
        </test-method> <!-- launchTheBrowser -->
        <test-method signature="testProductPage(java.lang.String)[pri:0, instance:E_commerce.EcommerceAutomation.ProductPageTest@13b6aecc]" started-at="2025-12-25T14:23:55 EST" name="testProductPage" data-provider="data" finished-at="2025-12-25T14:24:00 EST" duration-ms="4797" status="PASS">
          <params>
            <param index="0">
              <value>
                <![CDATA[top]]>
              </value>
            </param>
          </params>
          <reporter-output>
            <line>
              <![CDATA[The test is passed.]]>
            </line>
          </reporter-output>
        </test-method> <!-- testProductPage -->
        <test-method is-config="true" signature="TearDown()[pri:0, instance:E_commerce.EcommerceAutomation.ProductPageTest@13b6aecc]" started-at="2025-12-25T14:24:00 EST" name="TearDown" finished-at="2025-12-25T14:24:01 EST" duration-ms="686" status="PASS">
          <reporter-output>
          </reporter-output>
        </test-method> <!-- TearDown -->
        <test-method is-config="true" signature="launchTheBrowser(java.lang.String)[pri:0, instance:E_commerce.EcommerceAutomation.ProductPageTest@13b6aecc]" started-at="2025-12-25T14:24:01 EST" name="launchTheBrowser" finished-at="2025-12-25T14:24:05 EST" duration-ms="4281" status="PASS">
          <params>
            <param index="0">
              <value>
                <![CDATA[chrome]]>
              </value>
            </param>
          </params>
          <reporter-output>
          </reporter-output>
        </test-method> <!-- launchTheBrowser -->
        <test-method signature="testProductPage(java.lang.String)[pri:0, instance:E_commerce.EcommerceAutomation.ProductPageTest@13b6aecc]" started-at="2025-12-25T14:24:05 EST" name="testProductPage" data-provider="data" finished-at="2025-12-25T14:24:11 EST" duration-ms="5532" status="PASS">
          <params>
            <param index="0">
              <value>
                <![CDATA[jeans]]>
              </value>
            </param>
          </params>
          <reporter-output>
            <line>
              <![CDATA[The test is passed.]]>
            </line>
          </reporter-output>
        </test-method> <!-- testProductPage -->
        <test-method is-config="true" signature="TearDown()[pri:0, instance:E_commerce.EcommerceAutomation.ProductPageTest@13b6aecc]" started-at="2025-12-25T14:24:11 EST" name="TearDown" finished-at="2025-12-25T14:24:12 EST" duration-ms="456" status="PASS">
          <reporter-output>
          </reporter-output>
        </test-method> <!-- TearDown -->
      </class> <!-- E_commerce.EcommerceAutomation.ProductPageTest -->
    </test> <!-- Default test -->
  </suite> <!-- Default suite -->
</testng-results>
