<?xml version="1.0" encoding="UTF-8"?>
<testng-results ignored="0" total="10" passed="10" failed="0" skipped="0">
  <reporter-output>
    <line>
      <![CDATA[The test is passed.]]>
    </line>
    <line>
      <![CDATA[The test is passed.]]>
    </line>
    <line>
      <![CDATA[The test is passed.]]>
    </line>
    <line>
      <![CDATA[The test is passed.]]>
    </line>
    <line>
      <![CDATA[The test is passed.]]>
    </line>
    <line>
      <![CDATA[The test is passed.]]>
    </line>
    <line>
      <![CDATA[The test is passed.]]>
    </line>
    <line>
      <![CDATA[The test is passed.]]>
    </line>
    <line>
      <![CDATA[The test is passed.]]>
    </line>
    <line>
      <![CDATA[The test is passed.]]>
    </line>
  </reporter-output>
  <suite started-at="2025-11-19T14:43:16 EST" name="Suite" finished-at="2025-11-19T14:45:31 EST" duration-ms="135347">
    <groups>
      <group name="regression">
        <method signature="HomePageTest.testHomePage()[pri:0, instance:E_commerce.EcommerceAutomation.HomePageTest@610f7aa]" name="testHomePage" class="E_commerce.EcommerceAutomation.HomePageTest"/>
        <method signature="LoginWithWrongCredentialTest.testLoginWithWrongCredential(java.lang.String,java.lang.String)[pri:0, instance:E_commerce.EcommerceAutomation.LoginWithWrongCredentialTest@623a8092]" name="testLoginWithWrongCredential" class="E_commerce.EcommerceAutomation.LoginWithWrongCredentialTest"/>
      </group> <!-- regression -->
    </groups>
    <test started-at="2025-11-19T14:43:16 EST" name="Test" finished-at="2025-11-19T14:45:31 EST" duration-ms="135347">
      <class name="E_commerce.EcommerceAutomation.SignupTest">
        <test-method is-config="true" signature="launchTheBrowser(java.lang.String)[pri:0, instance:E_commerce.EcommerceAutomation.SignupTest@5aebe890]" started-at="2025-11-19T14:43:16 EST" name="launchTheBrowser" finished-at="2025-11-19T14:43:26 EST" duration-ms="9700" status="PASS">
          <params>
            <param index="0">
              <value>
                <![CDATA[chrome]]>
              </value>
            </param>
          </params>
          <reporter-output>
          </reporter-output>
        </test-method> <!-- launchTheBrowser -->
        <test-method signature="testSignup()[pri:0, instance:E_commerce.EcommerceAutomation.SignupTest@5aebe890]" started-at="2025-11-19T14:43:26 EST" name="testSignup" finished-at="2025-11-19T14:43:45 EST" duration-ms="19355" status="PASS">
          <reporter-output>
            <line>
              <![CDATA[The test is passed.]]>
            </line>
          </reporter-output>
        </test-method> <!-- testSignup -->
        <test-method is-config="true" signature="TearDown()[pri:0, instance:E_commerce.EcommerceAutomation.SignupTest@5aebe890]" started-at="2025-11-19T14:43:46 EST" name="TearDown" finished-at="2025-11-19T14:43:46 EST" duration-ms="659" status="PASS">
          <reporter-output>
          </reporter-output>
        </test-method> <!-- TearDown -->
      </class> <!-- E_commerce.EcommerceAutomation.SignupTest -->
      <class name="E_commerce.EcommerceAutomation.ContactUsTest">
        <test-method is-config="true" signature="launchTheBrowser(java.lang.String)[pri:0, instance:E_commerce.EcommerceAutomation.ContactUsTest@175b9425]" started-at="2025-11-19T14:44:42 EST" name="launchTheBrowser" finished-at="2025-11-19T14:44:46 EST" duration-ms="4470" status="PASS">
          <params>
            <param index="0">
              <value>
                <![CDATA[chrome]]>
              </value>
            </param>
          </params>
          <reporter-output>
          </reporter-output>
        </test-method> <!-- launchTheBrowser -->
        <test-method signature="testContactUs()[pri:0, instance:E_commerce.EcommerceAutomation.ContactUsTest@175b9425]" started-at="2025-11-19T14:44:46 EST" name="testContactUs" finished-at="2025-11-19T14:44:56 EST" duration-ms="9764" status="PASS">
          <reporter-output>
            <line>
              <![CDATA[The test is passed.]]>
            </line>
          </reporter-output>
        </test-method> <!-- testContactUs -->
        <test-method is-config="true" signature="TearDown()[pri:0, instance:E_commerce.EcommerceAutomation.ContactUsTest@175b9425]" started-at="2025-11-19T14:44:56 EST" name="TearDown" finished-at="2025-11-19T14:44:57 EST" duration-ms="1002" status="PASS">
          <reporter-output>
          </reporter-output>
        </test-method> <!-- TearDown -->
      </class> <!-- E_commerce.EcommerceAutomation.ContactUsTest -->
      <class name="E_commerce.EcommerceAutomation.HomePageTest">
        <test-method is-config="true" signature="launchTheBrowser(java.lang.String)[pri:0, instance:E_commerce.EcommerceAutomation.HomePageTest@610f7aa]" started-at="2025-11-19T14:45:22 EST" name="launchTheBrowser" finished-at="2025-11-19T14:45:26 EST" duration-ms="4606" status="PASS">
          <params>
            <param index="0">
              <value>
                <![CDATA[chrome]]>
              </value>
            </param>
          </params>
          <reporter-output>
          </reporter-output>
        </test-method> <!-- launchTheBrowser -->
        <test-method signature="testHomePage()[pri:0, instance:E_commerce.EcommerceAutomation.HomePageTest@610f7aa]" started-at="2025-11-19T14:45:26 EST" name="testHomePage" finished-at="2025-11-19T14:45:30 EST" duration-ms="4087" status="PASS">
          <reporter-output>
            <line>
              <![CDATA[The test is passed.]]>
            </line>
          </reporter-output>
        </test-method> <!-- testHomePage -->
        <test-method is-config="true" signature="TearDown()[pri:0, instance:E_commerce.EcommerceAutomation.HomePageTest@610f7aa]" started-at="2025-11-19T14:45:31 EST" name="TearDown" finished-at="2025-11-19T14:45:31 EST" duration-ms="536" status="PASS">
          <reporter-output>
          </reporter-output>
        </test-method> <!-- TearDown -->
      </class> <!-- E_commerce.EcommerceAutomation.HomePageTest -->
      <class name="E_commerce.EcommerceAutomation.LoginWithWrongCredentialTest">
        <test-method is-config="true" signature="launchTheBrowser(java.lang.String)[pri:0, instance:E_commerce.EcommerceAutomation.LoginWithWrongCredentialTest@623a8092]" started-at="2025-11-19T14:44:09 EST" name="launchTheBrowser" finished-at="2025-11-19T14:44:13 EST" duration-ms="4074" status="PASS">
          <params>
            <param index="0">
              <value>
                <![CDATA[chrome]]>
              </value>
            </param>
          </params>
          <reporter-output>
          </reporter-output>
        </test-method> <!-- launchTheBrowser -->
        <test-method signature="testLoginWithWrongCredential(java.lang.String,java.lang.String)[pri:0, instance:E_commerce.EcommerceAutomation.LoginWithWrongCredentialTest@623a8092]" started-at="2025-11-19T14:44:13 EST" name="testLoginWithWrongCredential" data-provider="input" finished-at="2025-11-19T14:44:16 EST" duration-ms="3447" status="PASS">
          <params>
            <param index="0">
              <value>
                <![CDATA[amreeas1@gmail.com]]>
              </value>
            </param>
            <param index="1">
              <value>
                <![CDATA[jhgjgjgk]]>
              </value>
            </param>
          </params>
          <reporter-output>
            <line>
              <![CDATA[The test is passed.]]>
            </line>
          </reporter-output>
        </test-method> <!-- testLoginWithWrongCredential -->
        <test-method is-config="true" signature="TearDown()[pri:0, instance:E_commerce.EcommerceAutomation.LoginWithWrongCredentialTest@623a8092]" started-at="2025-11-19T14:44:17 EST" name="TearDown" finished-at="2025-11-19T14:44:17 EST" duration-ms="541" status="PASS">
          <reporter-output>
          </reporter-output>
        </test-method> <!-- TearDown -->
        <test-method is-config="true" signature="launchTheBrowser(java.lang.String)[pri:0, instance:E_commerce.EcommerceAutomation.LoginWithWrongCredentialTest@623a8092]" started-at="2025-11-19T14:44:17 EST" name="launchTheBrowser" finished-at="2025-11-19T14:44:23 EST" duration-ms="5574" status="PASS">
          <params>
            <param index="0">
              <value>
                <![CDATA[chrome]]>
              </value>
            </param>
          </params>
          <reporter-output>
          </reporter-output>
        </test-method> <!-- launchTheBrowser -->
        <test-method signature="testLoginWithWrongCredential(java.lang.String,java.lang.String)[pri:0, instance:E_commerce.EcommerceAutomation.LoginWithWrongCredentialTest@623a8092]" started-at="2025-11-19T14:44:23 EST" name="testLoginWithWrongCredential" data-provider="input" finished-at="2025-11-19T14:44:26 EST" duration-ms="2968" status="PASS">
          <params>
            <param index="0">
              <value>
                <![CDATA[hksflkahfks@gmail.com]]>
              </value>
            </param>
            <param index="1">
              <value>
                <![CDATA[Amreen123@]]>
              </value>
            </param>
          </params>
          <reporter-output>
            <line>
              <![CDATA[The test is passed.]]>
            </line>
          </reporter-output>
        </test-method> <!-- testLoginWithWrongCredential -->
        <test-method is-config="true" signature="TearDown()[pri:0, instance:E_commerce.EcommerceAutomation.LoginWithWrongCredentialTest@623a8092]" started-at="2025-11-19T14:44:26 EST" name="TearDown" finished-at="2025-11-19T14:44:27 EST" duration-ms="671" status="PASS">
          <reporter-output>
          </reporter-output>
        </test-method> <!-- TearDown -->
      </class> <!-- E_commerce.EcommerceAutomation.LoginWithWrongCredentialTest -->
      <class name="E_commerce.EcommerceAutomation.ProductPageTest">
        <test-method is-config="true" signature="launchTheBrowser(java.lang.String)[pri:0, instance:E_commerce.EcommerceAutomation.ProductPageTest@3098cf3b]" started-at="2025-11-19T14:44:57 EST" name="launchTheBrowser" finished-at="2025-11-19T14:45:04 EST" duration-ms="6359" status="PASS">
          <params>
            <param index="0">
              <value>
                <![CDATA[chrome]]>
              </value>
            </param>
          </params>
          <reporter-output>
          </reporter-output>
        </test-method> <!-- launchTheBrowser -->
        <test-method signature="testProductPage(java.lang.String)[pri:0, instance:E_commerce.EcommerceAutomation.ProductPageTest@3098cf3b]" started-at="2025-11-19T14:45:04 EST" name="testProductPage" data-provider="data" finished-at="2025-11-19T14:45:08 EST" duration-ms="4560" status="PASS">
          <params>
            <param index="0">
              <value>
                <![CDATA[top]]>
              </value>
            </param>
          </params>
          <reporter-output>
            <line>
              <![CDATA[The test is passed.]]>
            </line>
          </reporter-output>
        </test-method> <!-- testProductPage -->
        <test-method is-config="true" signature="TearDown()[pri:0, instance:E_commerce.EcommerceAutomation.ProductPageTest@3098cf3b]" started-at="2025-11-19T14:45:09 EST" name="TearDown" finished-at="2025-11-19T14:45:10 EST" duration-ms="804" status="PASS">
          <reporter-output>
          </reporter-output>
        </test-method> <!-- TearDown -->
        <test-method is-config="true" signature="launchTheBrowser(java.lang.String)[pri:0, instance:E_commerce.EcommerceAutomation.ProductPageTest@3098cf3b]" started-at="2025-11-19T14:45:10 EST" name="launchTheBrowser" finished-at="2025-11-19T14:45:15 EST" duration-ms="5655" status="PASS">
          <params>
            <param index="0">
              <value>
                <![CDATA[chrome]]>
              </value>
            </param>
          </params>
          <reporter-output>
          </reporter-output>
        </test-method> <!-- launchTheBrowser -->
        <test-method signature="testProductPage(java.lang.String)[pri:0, instance:E_commerce.EcommerceAutomation.ProductPageTest@3098cf3b]" started-at="2025-11-19T14:45:15 EST" name="testProductPage" data-provider="data" finished-at="2025-11-19T14:45:20 EST" duration-ms="4948" status="PASS">
          <params>
            <param index="0">
              <value>
                <![CDATA[jeans]]>
              </value>
            </param>
          </params>
          <reporter-output>
            <line>
              <![CDATA[The test is passed.]]>
            </line>
          </reporter-output>
        </test-method> <!-- testProductPage -->
        <test-method is-config="true" signature="TearDown()[pri:0, instance:E_commerce.EcommerceAutomation.ProductPageTest@3098cf3b]" started-at="2025-11-19T14:45:21 EST" name="TearDown" finished-at="2025-11-19T14:45:22 EST" duration-ms="612" status="PASS">
          <reporter-output>
          </reporter-output>
        </test-method> <!-- TearDown -->
      </class> <!-- E_commerce.EcommerceAutomation.ProductPageTest -->
      <class name="E_commerce.EcommerceAutomation.DeleteAccountTest">
        <test-method is-config="true" signature="launchTheBrowser(java.lang.String)[pri:0, instance:E_commerce.EcommerceAutomation.DeleteAccountTest@a1cdc6d]" started-at="2025-11-19T14:44:27 EST" name="launchTheBrowser" finished-at="2025-11-19T14:44:31 EST" duration-ms="4031" status="PASS">
          <params>
            <param index="0">
              <value>
                <![CDATA[chrome]]>
              </value>
            </param>
          </params>
          <reporter-output>
          </reporter-output>
        </test-method> <!-- launchTheBrowser -->
        <test-method signature="testDeleteAccount()[pri:0, instance:E_commerce.EcommerceAutomation.DeleteAccountTest@a1cdc6d]" started-at="2025-11-19T14:44:31 EST" name="testDeleteAccount" finished-at="2025-11-19T14:44:40 EST" duration-ms="9124" status="PASS">
          <reporter-output>
            <line>
              <![CDATA[The test is passed.]]>
            </line>
          </reporter-output>
        </test-method> <!-- testDeleteAccount -->
        <test-method is-config="true" signature="TearDown()[pri:0, instance:E_commerce.EcommerceAutomation.DeleteAccountTest@a1cdc6d]" started-at="2025-11-19T14:44:41 EST" name="TearDown" finished-at="2025-11-19T14:44:42 EST" duration-ms="1088" status="PASS">
          <reporter-output>
          </reporter-output>
        </test-method> <!-- TearDown -->
      </class> <!-- E_commerce.EcommerceAutomation.DeleteAccountTest -->
      <class name="E_commerce.EcommerceAutomation.LoginWithRightcredentialTest">
        <test-method is-config="true" signature="launchTheBrowser(java.lang.String)[pri:0, instance:E_commerce.EcommerceAutomation.LoginWithRightcredentialTest@548e6d58]" started-at="2025-11-19T14:43:46 EST" name="launchTheBrowser" finished-at="2025-11-19T14:43:51 EST" duration-ms="4675" status="PASS">
          <params>
            <param index="0">
              <value>
                <![CDATA[chrome]]>
              </value>
            </param>
          </params>
          <reporter-output>
          </reporter-output>
        </test-method> <!-- launchTheBrowser -->
        <test-method signature="testLogin()[pri:0, instance:E_commerce.EcommerceAutomation.LoginWithRightcredentialTest@548e6d58]" started-at="2025-11-19T14:43:51 EST" name="testLogin" finished-at="2025-11-19T14:43:58 EST" duration-ms="7463" status="PASS">
          <reporter-output>
            <line>
              <![CDATA[The test is passed.]]>
            </line>
          </reporter-output>
        </test-method> <!-- testLogin -->
        <test-method is-config="true" signature="TearDown()[pri:0, instance:E_commerce.EcommerceAutomation.LoginWithRightcredentialTest@548e6d58]" started-at="2025-11-19T14:43:59 EST" name="TearDown" finished-at="2025-11-19T14:43:59 EST" duration-ms="491" status="PASS">
          <reporter-output>
          </reporter-output>
        </test-method> <!-- TearDown -->
        <test-method is-config="true" signature="launchTheBrowser(java.lang.String)[pri:0, instance:E_commerce.EcommerceAutomation.LoginWithRightcredentialTest@548e6d58]" started-at="2025-11-19T14:43:59 EST" name="launchTheBrowser" finished-at="2025-11-19T14:44:04 EST" duration-ms="4630" status="PASS">
          <params>
            <param index="0">
              <value>
                <![CDATA[chrome]]>
              </value>
            </param>
          </params>
          <reporter-output>
          </reporter-output>
        </test-method> <!-- launchTheBrowser -->
        <test-method signature="logoutTest()[pri:0, instance:E_commerce.EcommerceAutomation.LoginWithRightcredentialTest@548e6d58]" started-at="2025-11-19T14:44:04 EST" name="logoutTest" finished-at="2025-11-19T14:44:08 EST" depends-on-methods="E_commerce.EcommerceAutomation.LoginWithRightcredentialTest.testLogin" duration-ms="3966" status="PASS">
          <reporter-output>
            <line>
              <![CDATA[The test is passed.]]>
            </line>
          </reporter-output>
        </test-method> <!-- logoutTest -->
        <test-method is-config="true" signature="TearDown()[pri:0, instance:E_commerce.EcommerceAutomation.LoginWithRightcredentialTest@548e6d58]" started-at="2025-11-19T14:44:08 EST" name="TearDown" finished-at="2025-11-19T14:44:09 EST" duration-ms="547" status="PASS">
          <reporter-output>
          </reporter-output>
        </test-method> <!-- TearDown -->
      </class> <!-- E_commerce.EcommerceAutomation.LoginWithRightcredentialTest -->
    </test> <!-- Test -->
  </suite> <!-- Suite -->
</testng-results>
