<?xml version="1.0" encoding="UTF-8"?>
<!-- Generated by org.testng.reporters.JUnitReportReporter -->
<testsuite hostname="DESKTOP-T8VIPQV" failures="0" tests="2" name="E_commerce.EcommerceAutomation.ProductPageTest" time="22.539" errors="0" timestamp="2025-12-25T14:24:12 EST" skipped="0">
  <testcase classname="E_commerce.EcommerceAutomation.ProductPageTest" name="testProductPage" time="12.040">
    <system-out>
      <![CDATA[The test is passed.]]>
    </system-out>
  </testcase> <!-- testProductPage -->
  <testcase classname="E_commerce.EcommerceAutomation.ProductPageTest" name="testProductPage" time="10.499">
    <system-out>
      <![CDATA[The test is passed.]]>
    </system-out>
  </testcase> <!-- testProductPage -->
  <system-out>
    <![CDATA[The test is passed.
The test is passed.]]>
  </system-out>
</testsuite> <!-- E_commerce.EcommerceAutomation.ProductPageTest -->
