<?xml version="1.0" encoding="UTF-8"?>
<!-- Generated by org.testng.reporters.JUnitReportReporter -->
<testsuite hostname="DESKTOP-T8VIPQV" failures="0" tests="1" name="E_commerce.EcommerceAutomation.LoginTest" time="13.840" errors="0" timestamp="2025-11-14T15:07:26 EST" skipped="0">
  <testcase classname="E_commerce.EcommerceAutomation.LoginTest" name="testLogin" time="13.840">
    <system-out>
      <![CDATA[The test is passed.]]>
    </system-out>
  </testcase> <!-- testLogin -->
  <system-out>
    <![CDATA[The test is passed.
The test is passed.
The test is passed.]]>
  </system-out>
</testsuite> <!-- E_commerce.EcommerceAutomation.LoginTest -->
