<?xml version="1.0" encoding="UTF-8"?>
<!-- Generated by org.testng.reporters.JUnitReportReporter -->
<testsuite hostname="DESKTOP-T8VIPQV" failures="0" tests="1" name="E_commerce.EcommerceAutomation.HomePageTest" time="9.229" errors="0" timestamp="2025-11-19T14:45:32 EST" skipped="0">
  <testcase classname="E_commerce.EcommerceAutomation.HomePageTest" name="testHomePage" time="9.229">
    <system-out>
      <![CDATA[The test is passed.]]>
    </system-out>
  </testcase> <!-- testHomePage -->
  <system-out>
    <![CDATA[The test is passed.
The test is passed.
The test is passed.
The test is passed.
The test is passed.
The test is passed.
The test is passed.
The test is passed.
The test is passed.
The test is passed.]]>
  </system-out>
</testsuite> <!-- E_commerce.EcommerceAutomation.HomePageTest -->
