<?xml version="1.0" encoding="UTF-8"?>
<!-- Generated by org.testng.reporters.JUnitReportReporter -->
<testsuite hostname="DESKTOP-T8VIPQV" failures="0" tests="1" name="E_commerce.EcommerceAutomation.ContactUsTest" time="14.799" errors="0" timestamp="2025-12-24T17:45:15 EST" skipped="0">
  <testcase classname="E_commerce.EcommerceAutomation.ContactUsTest" name="testContactUs" time="14.799">
    <system-out>
      <![CDATA[The test is passed.]]>
    </system-out>
  </testcase> <!-- testContactUs -->
  <system-out>
    <![CDATA[The test is passed.]]>
  </system-out>
</testsuite> <!-- E_commerce.EcommerceAutomation.ContactUsTest -->
