<?xml version="1.0" encoding="UTF-8"?>
<!-- Generated by org.testng.reporters.JUnitReportReporter -->
<testsuite hostname="DESKTOP-T8VIPQV" failures="0" tests="1" name="E_commerce.EcommerceAutomation.AddProductInCartTest" time="12.598" errors="0" timestamp="2025-12-25T13:42:17 EST" skipped="0">
  <testcase classname="E_commerce.EcommerceAutomation.AddProductInCartTest" name="testAddProductInCart" time="12.598">
    <system-out>
      <![CDATA[The test is passed.]]>
    </system-out>
  </testcase> <!-- testAddProductInCart -->
  <system-out>
    <![CDATA[The test is passed.]]>
  </system-out>
</testsuite> <!-- E_commerce.EcommerceAutomation.AddProductInCartTest -->
